<?xml version="1.0" encoding="UTF-8"?>
<!-- Generated by org.testng.reporters.JUnitXMLReporter -->
<testsuite hostname="HDDT0260" name="MemberLookup_Formulary_Verify_DrugResultsFeature" tests="1" failures="1" timestamp="19 Jun 2019 07:32:10 GMT" time="159.769" errors="0">
  <testcase name="feature" time="159.431" classname="DSTPS.Automation.HybridDesktop.MemberLookupAutomation.runners.VerifyMemberLookUpFormularyDrugResults_TestRunner">
    <failure type="cucumber.runtime.CucumberException" message="org.openqa.selenium.TimeoutException: Expected condition failed: waiting for presence of element located by: By.id: claimTestEntryForm:claimSetHeaderSummaryPanel (tried for 20 second(s) with 500 MILLISECONDS interval)">
      <![CDATA[cucumber.runtime.CucumberException: org.openqa.selenium.TimeoutException: Expected condition failed: waiting for presence of element located by: By.id: claimTestEntryForm:claimSetHeaderSummaryPanel (tried for 20 second(s) with 500 MILLISECONDS interval)
	at cucumber.api.testng.TestNGCucumberRunner.runCucumber(TestNGCucumberRunner.java:69)
	at cucumber.api.testng.AbstractTestNGCucumberTests.feature(AbstractTestNGCucumberTests.java:21)
	at java.util.concurrent.ThreadPoolExecutor.runWorker(Unknown Source)
	at java.util.concurrent.ThreadPoolExecutor$Worker.run(Unknown Source)
	at java.lang.Thread.run(Unknown Source)
Caused by: org.openqa.selenium.TimeoutException: Expected condition failed: waiting for presence of element located by: By.id: claimTestEntryForm:claimSetHeaderSummaryPanel (tried for 20 second(s) with 500 MILLISECONDS interval)
	at org.openqa.selenium.support.ui.WebDriverWait.timeoutException(WebDriverWait.java:82)
	at org.openqa.selenium.support.ui.FluentWait.until(FluentWait.java:231)
	at DSTPS.Automation.HybridDesktop.Apps.common.RxNova_Utlilty.WaitUntilWebElementExist(RxNova_Utlilty.java:410)
	at DSTPS.Automation.HybridDesktop.Apps.common.RxNova_Utlilty.CheckElementPresenceByLocator(RxNova_Utlilty.java:432)
	at DSTPS.Automation.HybridDesktop.MemberLookupAutomation.pages.MemberLookup_Formulary_DrugResultsSelector.verifyClaimTest(MemberLookup_Formulary_DrugResultsSelector.java:94)
	at DSTPS.Automation.HybridDesktop.MemberLookupAutomation.steps.MemberLookup_Formulary_DrugResults_Steps.verifyClaimTestDetails(MemberLookup_Formulary_DrugResults_Steps.java:82)
	at DSTPS.Automation.HybridDesktop.MemberLookupAutomation.stepDefinitions.VerifyMemberLookUpFormularyDrugResults.verify_test_entry_details(VerifyMemberLookUpFormularyDrugResults.java:54)
	at âœ½.Then User click on Claim Test button verifies the Claim Test Entry details in Claim Home Screen(features/MemberLookup/MemberLookup_Formulary_Verify_DrugResults.feature:80)
Caused by: org.openqa.selenium.NoSuchElementException: Cannot locate an element using By.id: claimTestEntryForm:claimSetHeaderSummaryPanel
For documentation on this error, please visit: http://seleniumhq.org/exceptions/no_such_element.html
Build info: version: '3.7.1', revision: '8a0099a', time: '2017-11-06T21:01:39.354Z'
System info: host: 'HDDT0260', ip: '10.161.236.84', os.name: 'Windows 7', os.arch: 'amd64', os.version: '6.1', java.version: '1.8.0_162'
Driver info: driver.version: unknown
	at org.openqa.selenium.support.ui.ExpectedConditions.lambda$findElement$0(ExpectedConditions.java:882)
	at java.util.Optional.orElseThrow(Unknown Source)
	at org.openqa.selenium.support.ui.ExpectedConditions.findElement(ExpectedConditions.java:881)
	at org.openqa.selenium.support.ui.ExpectedConditions.access$000(ExpectedConditions.java:43)
	at org.openqa.selenium.support.ui.ExpectedConditions$6.apply(ExpectedConditions.java:182)
	at org.openqa.selenium.support.ui.ExpectedConditions$6.apply(ExpectedConditions.java:179)
	at org.openqa.selenium.support.ui.FluentWait.until(FluentWait.java:208)
	at DSTPS.Automation.HybridDesktop.Apps.common.RxNova_Utlilty.WaitUntilWebElementExist(RxNova_Utlilty.java:410)
	at DSTPS.Automation.HybridDesktop.Apps.common.RxNova_Utlilty.CheckElementPresenceByLocator(RxNova_Utlilty.java:432)
	at DSTPS.Automation.HybridDesktop.MemberLookupAutomation.pages.MemberLookup_Formulary_DrugResultsSelector.verifyClaimTest(MemberLookup_Formulary_DrugResultsSelector.java:94)
	at DSTPS.Automation.HybridDesktop.MemberLookupAutomation.steps.MemberLookup_Formulary_DrugResults_Steps.verifyClaimTestDetails(MemberLookup_Formulary_DrugResults_Steps.java:82)
	at DSTPS.Automation.HybridDesktop.MemberLookupAutomation.stepDefinitions.VerifyMemberLookUpFormularyDrugResults.verify_test_entry_details(VerifyMemberLookUpFormularyDrugResults.java:54)
	at cucumber.runtime.Utils$1.call(Utils.java:40)
	at cucumber.runtime.Timeout.timeout(Timeout.java:16)
	at cucumber.runtime.Utils.invoke(Utils.java:34)
	at cucumber.runtime.java.JavaStepDefinition.execute(JavaStepDefinition.java:38)
	at cucumber.runtime.StepDefinitionMatch.runStep(StepDefinitionMatch.java:37)
	at cucumber.runtime.Runtime.runStep(Runtime.java:300)
	at cucumber.runtime.model.StepContainer.runStep(StepContainer.java:44)
	at cucumber.runtime.model.StepContainer.runSteps(StepContainer.java:39)
	at cucumber.runtime.model.CucumberScenario.run(CucumberScenario.java:44)
	at cucumber.runtime.model.CucumberScenarioOutline.run(CucumberScenarioOutline.java:46)
	at cucumber.runtime.model.CucumberFeature.run(CucumberFeature.java:165)
	at cucumber.api.testng.TestNGCucumberRunner.runCucumber(TestNGCucumberRunner.java:63)
	at cucumber.api.testng.AbstractTestNGCucumberTests.feature(AbstractTestNGCucumberTests.java:21)
	at java.util.concurrent.ThreadPoolExecutor.runWorker(Unknown Source)
	at java.util.concurrent.ThreadPoolExecutor$Worker.run(Unknown Source)
	at java.lang.Thread.run(Unknown Source)
... Removed 22 stack frames]]>
    </failure>
  </testcase> <!-- feature -->
</testsuite> <!-- MemberLookup_Formulary_Verify_DrugResultsFeature -->
