<html>
<head>
<title>TestNG:  MemberLookup_Formulary_Verify_DrugResultsFeature</title>
<link href="../testng.css" rel="stylesheet" type="text/css" />
<link href="../my-testng.css" rel="stylesheet" type="text/css" />

<style type="text/css">
.log { display: none;} 
.stack-trace { display: none;} 
</style>
<script type="text/javascript">
<!--
function flip(e) {
  current = e.style.display;
  if (current == 'block') {
    e.style.display = 'none';
    return 0;
  }
  else {
    e.style.display = 'block';
    return 1;
  }
}

function toggleBox(szDivId, elem, msg1, msg2)
{
  var res = -1;  if (document.getElementById) {
    res = flip(document.getElementById(szDivId));
  }
  else if (document.all) {
    // this is the way old msie versions work
    res = flip(document.all[szDivId]);
  }
  if(elem) {
    if(res == 0) elem.innerHTML = msg1; else elem.innerHTML = msg2;
  }

}

function toggleAllBoxes() {
  if (document.getElementsByTagName) {
    d = document.getElementsByTagName('div');
    for (i = 0; i < d.length; i++) {
      if (d[i].className == 'log') {
        flip(d[i]);
      }
    }
  }
}

// -->
</script>

</head>
<body>
<h2 align='center'>MemberLookup_Formulary_Verify_DrugResultsFeature</h2><table border='1' align="center">
<tr>
<td>Tests passed/Failed/Skipped:</td><td>0/1/0</td>
</tr><tr>
<td>Started on:</td><td>Wed Jun 19 12:59:30 IST 2019</td>
</tr>
<tr><td>Total time:</td><td>159 seconds (159769 ms)</td>
</tr><tr>
<td>Included groups:</td><td></td>
</tr><tr>
<td>Excluded groups:</td><td></td>
</tr>
</table><p/>
<small><i>(Hover the method name to see the test class name)</i></small><p/>
<table width='100%' border='1' class='invocation-failed'>
<tr><td colspan='4' align='center'><b>FAILED TESTS</b></td></tr>
<tr><td><b>Test method</b></td>
<td width="30%"><b>Exception</b></td>
<td width="10%"><b>Time (seconds)</b></td>
<td><b>Instance</b></td>
</tr>
<tr>
<td title='DSTPS.Automation.HybridDesktop.MemberLookupAutomation.runners.VerifyMemberLookUpFormularyDrugResults_TestRunner.feature()'><b>feature</b><br>Test class: DSTPS.Automation.HybridDesktop.MemberLookupAutomation.runners.VerifyMemberLookUpFormularyDrugResults_TestRunner<br>Test method: Runs Cucumber Feature<br>Parameters: MemberLookup Search and verify Formulary Drug Results</td>
<td><div><pre>cucumber.runtime.CucumberException: org.openqa.selenium.TimeoutException: Expected condition failed: waiting for presence of element located by: By.id: claimTestEntryForm:claimSetHeaderSummaryPanel (tried for 20 second(s) with 500 MILLISECONDS interval)
	at cucumber.api.testng.TestNGCucumberRunner.runCucumber(TestNGCucumberRunner.java:69)
	at cucumber.api.testng.AbstractTestNGCucumberTests.feature(AbstractTestNGCucumberTests.java:21)
	at java.util.concurrent.ThreadPoolExecutor.runWorker(Unknown Source)
	at java.util.concurrent.ThreadPoolExecutor$Worker.run(Unknown Source)
	at java.lang.Thread.run(Unknown Source)
Caused by: org.openqa.selenium.TimeoutException: Expected condition failed: waiting for presence of element located by: By.id: claimTestEntryForm:claimSetHeaderSummaryPanel (tried for 20 second(s) with 500 MILLISECONDS interval)
	at org.openqa.selenium.support.ui.WebDriverWait.timeoutException(WebDriverWait.java:82)
	at org.openqa.selenium.support.ui.FluentWait.until(FluentWait.java:231)
	at DSTPS.Automation.HybridDesktop.Apps.common.RxNova_Utlilty.WaitUntilWebElementExist(RxNova_Utlilty.java:410)
	at DSTPS.Automation.HybridDesktop.Apps.common.RxNova_Utlilty.CheckElementPresenceByLocator(RxNova_Utlilty.java:432)
	at DSTPS.Automation.HybridDesktop.MemberLookupAutomation.pages.MemberLookup_Formulary_DrugResultsSelector.verifyClaimTest(MemberLookup_Formulary_DrugResultsSelector.java:94)
	at DSTPS.Automation.HybridDesktop.MemberLookupAutomation.steps.MemberLookup_Formulary_DrugResults_Steps.verifyClaimTestDetails(MemberLookup_Formulary_DrugResults_Steps.java:82)
	at DSTPS.Automation.HybridDesktop.MemberLookupAutomation.stepDefinitions.VerifyMemberLookUpFormularyDrugResults.verify_test_entry_details(VerifyMemberLookUpFormularyDrugResults.java:54)
	at ?.Then User click on Claim Test button verifies the Claim Test Entry details in Claim Home Screen(features/MemberLookup/MemberLookup_Formulary_Verify_DrugResults.feature:80)
Caused by: org.openqa.selenium.NoSuchElementException: Cannot locate an element using By.id: claimTestEntryForm:claimSetHeaderSummaryPanel
For documentation on this error, please visit: http://seleniumhq.org/exceptions/no_such_element.html
Build info: version: &apos;3.7.1&apos;, revision: &apos;8a0099a&apos;, time: &apos;2017-11-06T21:01:39.354Z&apos;
System info: host: &apos;HDDT0260&apos;, ip: &apos;10.161.236.84&apos;, os.name: &apos;Windows 7&apos;, os.arch: &apos;amd64&apos;, os.version: &apos;6.1&apos;, java.version: &apos;1.8.0_162&apos;
Driver info: driver.version: unknown
	at org.openqa.selenium.support.ui.ExpectedConditions.lambda$findElement$0(ExpectedConditions.java:882)
	at java.util.Optional.orElseThrow(Unknown Source)
	at org.openqa.selenium.support.ui.ExpectedConditions.findElement(ExpectedConditions.java:881)
	at org.openqa.selenium.support.ui.ExpectedConditions.access$000(ExpectedConditions.java:43)
	at org.openqa.selenium.support.ui.ExpectedConditions$6.apply(ExpectedConditions.java:182)
	at org.openqa.selenium.support.ui.ExpectedConditions$6.apply(ExpectedConditions.java:179)
	at org.openqa.selenium.support.ui.FluentWait.until(FluentWait.java:208)
	at DSTPS.Automation.HybridDesktop.Apps.common.RxNova_Utlilty.WaitUntilWebElementExist(RxNova_Utlilty.java:410)
	at DSTPS.Automation.HybridDesktop.Apps.common.RxNova_Utlilty.CheckElementPresenceByLocator(RxNova_Utlilty.java:432)
	at DSTPS.Automation.HybridDesktop.MemberLookupAutomation.pages.MemberLookup_Formulary_DrugResultsSelector.verifyClaimTest(MemberLookup_Formulary_DrugResultsSelector.java:94)
	at DSTPS.Automation.HybridDesktop.MemberLookupAutomation.steps.MemberLookup_Formulary_DrugResults_Steps.verifyClaimTestDetails(MemberLookup_Formulary_DrugResults_Steps.java:82)
	at DSTPS.Automation.HybridDesktop.MemberLookupAutomation.stepDefinitions.VerifyMemberLookUpFormularyDrugResults.verify_test_entry_details(VerifyMemberLookUpFormularyDrugResults.java:54)
	at cucumber.runtime.Utils$1.call(Utils.java:40)
	at cucumber.runtime.Timeout.timeout(Timeout.java:16)
	at cucumber.runtime.Utils.invoke(Utils.java:34)
	at cucumber.runtime.java.JavaStepDefinition.execute(JavaStepDefinition.java:38)
	at cucumber.runtime.StepDefinitionMatch.runStep(StepDefinitionMatch.java:37)
	at cucumber.runtime.Runtime.runStep(Runtime.java:300)
	at cucumber.runtime.model.StepContainer.runStep(StepContainer.java:44)
	at cucumber.runtime.model.StepContainer.runSteps(StepContainer.java:39)
	at cucumber.runtime.model.CucumberScenario.run(CucumberScenario.java:44)
	at cucumber.runtime.model.CucumberScenarioOutline.run(CucumberScenarioOutline.java:46)
	at cucumber.runtime.model.CucumberFeature.run(CucumberFeature.java:165)
	at cucumber.api.testng.TestNGCucumberRunner.runCucumber(TestNGCucumberRunner.java:63)
	at cucumber.api.testng.AbstractTestNGCucumberTests.feature(AbstractTestNGCucumberTests.java:21)
	at java.util.concurrent.ThreadPoolExecutor.runWorker(Unknown Source)
	at java.util.concurrent.ThreadPoolExecutor$Worker.run(Unknown Source)
	at java.lang.Thread.run(Unknown Source)
... Removed 22 stack frames</pre></div><a href='#' onClick='toggleBox("stack-trace494804061", this, "Click to show all stack frames", "Click to hide stack frames")'>Click to show all stack frames</a>
<div class='stack-trace' id='stack-trace494804061'><pre>cucumber.runtime.CucumberException: org.openqa.selenium.TimeoutException: Expected condition failed: waiting for presence of element located by: By.id: claimTestEntryForm:claimSetHeaderSummaryPanel (tried for 20 second(s) with 500 MILLISECONDS interval)
	at cucumber.api.testng.TestNGCucumberRunner.runCucumber(TestNGCucumberRunner.java:69)
	at cucumber.api.testng.AbstractTestNGCucumberTests.feature(AbstractTestNGCucumberTests.java:21)
	at sun.reflect.GeneratedMethodAccessor31.invoke(Unknown Source)
	at sun.reflect.DelegatingMethodAccessorImpl.invoke(Unknown Source)
	at java.lang.reflect.Method.invoke(Unknown Source)
	at org.testng.internal.MethodInvocationHelper.invokeMethod(MethodInvocationHelper.java:86)
	at org.testng.internal.Invoker.invokeMethod(Invoker.java:643)
	at org.testng.internal.Invoker.invokeTestMethod(Invoker.java:820)
	at org.testng.internal.Invoker.invokeTestMethods(Invoker.java:1128)
	at org.testng.internal.TestMethodWorker.invokeTestMethods(TestMethodWorker.java:129)
	at org.testng.internal.TestMethodWorker.run(TestMethodWorker.java:112)
	at java.util.concurrent.ThreadPoolExecutor.runWorker(Unknown Source)
	at java.util.concurrent.ThreadPoolExecutor$Worker.run(Unknown Source)
	at java.lang.Thread.run(Unknown Source)
Caused by: org.openqa.selenium.TimeoutException: Expected condition failed: waiting for presence of element located by: By.id: claimTestEntryForm:claimSetHeaderSummaryPanel (tried for 20 second(s) with 500 MILLISECONDS interval)
	at org.openqa.selenium.support.ui.WebDriverWait.timeoutException(WebDriverWait.java:82)
	at org.openqa.selenium.support.ui.FluentWait.until(FluentWait.java:231)
	at DSTPS.Automation.HybridDesktop.Apps.common.RxNova_Utlilty.WaitUntilWebElementExist(RxNova_Utlilty.java:410)
	at DSTPS.Automation.HybridDesktop.Apps.common.RxNova_Utlilty.CheckElementPresenceByLocator(RxNova_Utlilty.java:432)
	at DSTPS.Automation.HybridDesktop.MemberLookupAutomation.pages.MemberLookup_Formulary_DrugResultsSelector.verifyClaimTest(MemberLookup_Formulary_DrugResultsSelector.java:94)
	at DSTPS.Automation.HybridDesktop.MemberLookupAutomation.steps.MemberLookup_Formulary_DrugResults_Steps.verifyClaimTestDetails(MemberLookup_Formulary_DrugResults_Steps.java:82)
	at DSTPS.Automation.HybridDesktop.MemberLookupAutomation.stepDefinitions.VerifyMemberLookUpFormularyDrugResults.verify_test_entry_details(VerifyMemberLookUpFormularyDrugResults.java:54)
	at ?.Then User click on Claim Test button verifies the Claim Test Entry details in Claim Home Screen(features/MemberLookup/MemberLookup_Formulary_Verify_DrugResults.feature:80)
Caused by: org.openqa.selenium.NoSuchElementException: Cannot locate an element using By.id: claimTestEntryForm:claimSetHeaderSummaryPanel
For documentation on this error, please visit: http://seleniumhq.org/exceptions/no_such_element.html
Build info: version: &apos;3.7.1&apos;, revision: &apos;8a0099a&apos;, time: &apos;2017-11-06T21:01:39.354Z&apos;
System info: host: &apos;HDDT0260&apos;, ip: &apos;10.161.236.84&apos;, os.name: &apos;Windows 7&apos;, os.arch: &apos;amd64&apos;, os.version: &apos;6.1&apos;, java.version: &apos;1.8.0_162&apos;
Driver info: driver.version: unknown
	at org.openqa.selenium.support.ui.ExpectedConditions.lambda$findElement$0(ExpectedConditions.java:882)
	at java.util.Optional.orElseThrow(Unknown Source)
	at org.openqa.selenium.support.ui.ExpectedConditions.findElement(ExpectedConditions.java:881)
	at org.openqa.selenium.support.ui.ExpectedConditions.access$000(ExpectedConditions.java:43)
	at org.openqa.selenium.support.ui.ExpectedConditions$6.apply(ExpectedConditions.java:182)
	at org.openqa.selenium.support.ui.ExpectedConditions$6.apply(ExpectedConditions.java:179)
	at org.openqa.selenium.support.ui.FluentWait.until(FluentWait.java:208)
	at DSTPS.Automation.HybridDesktop.Apps.common.RxNova_Utlilty.WaitUntilWebElementExist(RxNova_Utlilty.java:410)
	at DSTPS.Automation.HybridDesktop.Apps.common.RxNova_Utlilty.CheckElementPresenceByLocator(RxNova_Utlilty.java:432)
	at DSTPS.Automation.HybridDesktop.MemberLookupAutomation.pages.MemberLookup_Formulary_DrugResultsSelector.verifyClaimTest(MemberLookup_Formulary_DrugResultsSelector.java:94)
	at DSTPS.Automation.HybridDesktop.MemberLookupAutomation.steps.MemberLookup_Formulary_DrugResults_Steps.verifyClaimTestDetails(MemberLookup_Formulary_DrugResults_Steps.java:82)
	at DSTPS.Automation.HybridDesktop.MemberLookupAutomation.stepDefinitions.VerifyMemberLookUpFormularyDrugResults.verify_test_entry_details(VerifyMemberLookUpFormularyDrugResults.java:54)
	at sun.reflect.NativeMethodAccessorImpl.invoke0(Native Method)
	at sun.reflect.NativeMethodAccessorImpl.invoke(Unknown Source)
	at sun.reflect.DelegatingMethodAccessorImpl.invoke(Unknown Source)
	at java.lang.reflect.Method.invoke(Unknown Source)
	at cucumber.runtime.Utils$1.call(Utils.java:40)
	at cucumber.runtime.Timeout.timeout(Timeout.java:16)
	at cucumber.runtime.Utils.invoke(Utils.java:34)
	at cucumber.runtime.java.JavaStepDefinition.execute(JavaStepDefinition.java:38)
	at cucumber.runtime.StepDefinitionMatch.runStep(StepDefinitionMatch.java:37)
	at cucumber.runtime.Runtime.runStep(Runtime.java:300)
	at cucumber.runtime.model.StepContainer.runStep(StepContainer.java:44)
	at cucumber.runtime.model.StepContainer.runSteps(StepContainer.java:39)
	at cucumber.runtime.model.CucumberScenario.run(CucumberScenario.java:44)
	at cucumber.runtime.model.CucumberScenarioOutline.run(CucumberScenarioOutline.java:46)
	at cucumber.runtime.model.CucumberFeature.run(CucumberFeature.java:165)
	at cucumber.api.testng.TestNGCucumberRunner.runCucumber(TestNGCucumberRunner.java:63)
	at cucumber.api.testng.AbstractTestNGCucumberTests.feature(AbstractTestNGCucumberTests.java:21)
	at sun.reflect.GeneratedMethodAccessor31.invoke(Unknown Source)
	at sun.reflect.DelegatingMethodAccessorImpl.invoke(Unknown Source)
	at java.lang.reflect.Method.invoke(Unknown Source)
	at org.testng.internal.MethodInvocationHelper.invokeMethod(MethodInvocationHelper.java:86)
	at org.testng.internal.Invoker.invokeMethod(Invoker.java:643)
	at org.testng.internal.Invoker.invokeTestMethod(Invoker.java:820)
	at org.testng.internal.Invoker.invokeTestMethods(Invoker.java:1128)
	at org.testng.internal.TestMethodWorker.invokeTestMethods(TestMethodWorker.java:129)
	at org.testng.internal.TestMethodWorker.run(TestMethodWorker.java:112)
	at java.util.concurrent.ThreadPoolExecutor.runWorker(Unknown Source)
	at java.util.concurrent.ThreadPoolExecutor$Worker.run(Unknown Source)
	at java.lang.Thread.run(Unknown Source)
</pre></div></td>
<td>159</td>
<td>DSTPS.Automation.HybridDesktop.MemberLookupAutomation.runners.VerifyMemberLookUpFormularyDrugResults_TestRunner@3aeaafa6</td></tr>
</table><p>
</body>
</html>