<html>
<head>
<title>TestNG:  PharmacyLookup_Search_VerifySubmittedInformationFeature1</title>
<link href="../testng.css" rel="stylesheet" type="text/css" />
<link href="../my-testng.css" rel="stylesheet" type="text/css" />

<style type="text/css">
.log { display: none;} 
.stack-trace { display: none;} 
</style>
<script type="text/javascript">
<!--
function flip(e) {
  current = e.style.display;
  if (current == 'block') {
    e.style.display = 'none';
    return 0;
  }
  else {
    e.style.display = 'block';
    return 1;
  }
}

function toggleBox(szDivId, elem, msg1, msg2)
{
  var res = -1;  if (document.getElementById) {
    res = flip(document.getElementById(szDivId));
  }
  else if (document.all) {
    // this is the way old msie versions work
    res = flip(document.all[szDivId]);
  }
  if(elem) {
    if(res == 0) elem.innerHTML = msg1; else elem.innerHTML = msg2;
  }

}

function toggleAllBoxes() {
  if (document.getElementsByTagName) {
    d = document.getElementsByTagName('div');
    for (i = 0; i < d.length; i++) {
      if (d[i].className == 'log') {
        flip(d[i]);
      }
    }
  }
}

// -->
</script>

</head>
<body>
<h2 align='center'>PharmacyLookup_Search_VerifySubmittedInformationFeature1</h2><table border='1' align="center">
<tr>
<td>Tests passed/Failed/Skipped:</td><td>0/1/0</td>
</tr><tr>
<td>Started on:</td><td>Tue Mar 26 12:19:45 IST 2019</td>
</tr>
<tr><td>Total time:</td><td>116 seconds (116906 ms)</td>
</tr><tr>
<td>Included groups:</td><td></td>
</tr><tr>
<td>Excluded groups:</td><td></td>
</tr>
</table><p/>
<small><i>(Hover the method name to see the test class name)</i></small><p/>
<table width='100%' border='1' class='invocation-failed'>
<tr><td colspan='4' align='center'><b>FAILED TESTS</b></td></tr>
<tr><td><b>Test method</b></td>
<td width="30%"><b>Exception</b></td>
<td width="10%"><b>Time (seconds)</b></td>
<td><b>Instance</b></td>
</tr>
<tr>
<td title='DSTPS.Automation.HybridDesktop.PharmacyLookupAutomation.runners.SearchPharmacyLookUpAndVerifySubmittedInformation_TestRunner.feature()'><b>feature</b><br>Test class: DSTPS.Automation.HybridDesktop.PharmacyLookupAutomation.runners.SearchPharmacyLookUpAndVerifySubmittedInformation_TestRunner<br>Test method: Runs Cucumber Feature<br>Parameters: PharmacyLookup Search verify Submitted Information</td>
<td><div><pre>cucumber.runtime.CucumberException: java.lang.AssertionError: The following asserts failed:
	expected [Cust ID^319 - 0319HUMANA1] but found [Cust ID^319 - 0319HUMANA]
	at cucumber.api.testng.TestNGCucumberRunner.runCucumber(TestNGCucumberRunner.java:69)
	at cucumber.api.testng.AbstractTestNGCucumberTests.feature(AbstractTestNGCucumberTests.java:21)
	at java.util.concurrent.ThreadPoolExecutor.runWorker(Unknown Source)
	at java.util.concurrent.ThreadPoolExecutor$Worker.run(Unknown Source)
	at java.lang.Thread.run(Unknown Source)
Caused by: java.lang.AssertionError: The following asserts failed:
	expected [Cust ID^319 - 0319HUMANA1] but found [Cust ID^319 - 0319HUMANA]
	at DSTPS.Automation.HybridDesktop.PharmacyLookupApp.common.PharmacyLookup_LandingPage_Steps.verifyMemberDetails(PharmacyLookup_LandingPage_Steps.java:106)
	at DSTPS.Automation.HybridDesktop.PharmacyLookupAutomation.stepDefinitions.SearchPharmacyLookUpAndVerifySubmittedInformation.verify_member_details(SearchPharmacyLookUpAndVerifySubmittedInformation.java:57)
	at ?.Then Member details should be displayed(features/PharmacyLookup/PharmacyLookup_Search_VerifySubmittedInformation.feature:16)
... Removed 11 stack frames</pre></div><a href='#' onClick='toggleBox("stack-trace1429763365", this, "Click to show all stack frames", "Click to hide stack frames")'>Click to show all stack frames</a>
<div class='stack-trace' id='stack-trace1429763365'><pre>cucumber.runtime.CucumberException: java.lang.AssertionError: The following asserts failed:
	expected [Cust ID^319 - 0319HUMANA1] but found [Cust ID^319 - 0319HUMANA]
	at cucumber.api.testng.TestNGCucumberRunner.runCucumber(TestNGCucumberRunner.java:69)
	at cucumber.api.testng.AbstractTestNGCucumberTests.feature(AbstractTestNGCucumberTests.java:21)
	at sun.reflect.NativeMethodAccessorImpl.invoke0(Native Method)
	at sun.reflect.NativeMethodAccessorImpl.invoke(Unknown Source)
	at sun.reflect.DelegatingMethodAccessorImpl.invoke(Unknown Source)
	at java.lang.reflect.Method.invoke(Unknown Source)
	at org.testng.internal.MethodInvocationHelper.invokeMethod(MethodInvocationHelper.java:86)
	at org.testng.internal.Invoker.invokeMethod(Invoker.java:643)
	at org.testng.internal.Invoker.invokeTestMethod(Invoker.java:820)
	at org.testng.internal.Invoker.invokeTestMethods(Invoker.java:1128)
	at org.testng.internal.TestMethodWorker.invokeTestMethods(TestMethodWorker.java:129)
	at org.testng.internal.TestMethodWorker.run(TestMethodWorker.java:112)
	at java.util.concurrent.ThreadPoolExecutor.runWorker(Unknown Source)
	at java.util.concurrent.ThreadPoolExecutor$Worker.run(Unknown Source)
	at java.lang.Thread.run(Unknown Source)
Caused by: java.lang.AssertionError: The following asserts failed:
	expected [Cust ID^319 - 0319HUMANA1] but found [Cust ID^319 - 0319HUMANA]
	at org.testng.asserts.SoftAssert.assertAll(SoftAssert.java:43)
	at DSTPS.Automation.HybridDesktop.PharmacyLookupApp.common.PharmacyLookup_LandingPage_Steps.verifyMemberDetails(PharmacyLookup_LandingPage_Steps.java:106)
	at DSTPS.Automation.HybridDesktop.PharmacyLookupAutomation.stepDefinitions.SearchPharmacyLookUpAndVerifySubmittedInformation.verify_member_details(SearchPharmacyLookUpAndVerifySubmittedInformation.java:57)
	at ?.Then Member details should be displayed(features/PharmacyLookup/PharmacyLookup_Search_VerifySubmittedInformation.feature:16)
</pre></div></td>
<td>114</td>
<td>DSTPS.Automation.HybridDesktop.PharmacyLookupAutomation.runners.SearchPharmacyLookUpAndVerifySubmittedInformation_TestRunner@23e028a9</td></tr>
</table><p>
</body>
</html>