<?xml version="1.0" encoding="UTF-8"?>
<!-- Generated by org.testng.reporters.JUnitXMLReporter -->
<testsuite hostname="HDDT0260" name="PharmacyLookup_Search_VerifySubmittedInformationFeature1" tests="1" failures="1" timestamp="26 Mar 2019 06:51:42 GMT" time="116.906" errors="0">
  <testcase name="feature" time="114.752" classname="DSTPS.Automation.HybridDesktop.PharmacyLookupAutomation.runners.SearchPharmacyLookUpAndVerifySubmittedInformation_TestRunner">
    <failure type="cucumber.runtime.CucumberException" message="java.lang.AssertionError: The following asserts failed:
	expected [Cust ID^319 - 0319HUMANA1] but found [Cust ID^319 - 0319HUMANA]">
      <![CDATA[cucumber.runtime.CucumberException: java.lang.AssertionError: The following asserts failed:
	expected [Cust ID^319 - 0319HUMANA1] but found [Cust ID^319 - 0319HUMANA]
	at cucumber.api.testng.TestNGCucumberRunner.runCucumber(TestNGCucumberRunner.java:69)
	at cucumber.api.testng.AbstractTestNGCucumberTests.feature(AbstractTestNGCucumberTests.java:21)
	at java.util.concurrent.ThreadPoolExecutor.runWorker(Unknown Source)
	at java.util.concurrent.ThreadPoolExecutor$Worker.run(Unknown Source)
	at java.lang.Thread.run(Unknown Source)
Caused by: java.lang.AssertionError: The following asserts failed:
	expected [Cust ID^319 - 0319HUMANA1] but found [Cust ID^319 - 0319HUMANA]
	at DSTPS.Automation.HybridDesktop.PharmacyLookupApp.common.PharmacyLookup_LandingPage_Steps.verifyMemberDetails(PharmacyLookup_LandingPage_Steps.java:106)
	at DSTPS.Automation.HybridDesktop.PharmacyLookupAutomation.stepDefinitions.SearchPharmacyLookUpAndVerifySubmittedInformation.verify_member_details(SearchPharmacyLookUpAndVerifySubmittedInformation.java:57)
	at âœ½.Then Member details should be displayed(features/PharmacyLookup/PharmacyLookup_Search_VerifySubmittedInformation.feature:16)
... Removed 11 stack frames]]>
    </failure>
  </testcase> <!-- feature -->
</testsuite> <!-- PharmacyLookup_Search_VerifySubmittedInformationFeature1 -->
